{"level":"error","message":"Username/password is incorrect","timestamp":"2022-03-15 19:18:27"}
{"level":"error","message":"User already exist","timestamp":"2022-03-15 20:44:40"}
{"level":"error","message":"Username/password is incorrect","timestamp":"2022-03-15 23:56:59"}
{"level":"error","message":"Username/password is incorrect","timestamp":"2022-03-16 14:20:59"}
{"level":"error","message":"invalid input syntax for type integer: \"NaN\"","timestamp":"2022-03-16 14:21:03"}
{"level":"error","message":"invalid input syntax for type integer: \"NaN\"","timestamp":"2022-03-16 14:21:49"}
{"level":"error","message":"invalid input syntax for type integer: \"NaN\"","timestamp":"2022-03-16 14:22:12"}
{"level":"error","message":"invalid input syntax for type integer: \"NaN\"","timestamp":"2022-03-16 14:22:36"}
{"level":"error","message":"invalid input syntax for type integer: \"NaN\"","timestamp":"2022-03-16 14:24:38"}
{"level":"error","message":"invalid input syntax for type integer: \"NaN\"","timestamp":"2022-03-16 14:25:03"}
{"level":"error","message":"invalid input syntax for type integer: \"NaN\"","timestamp":"2022-03-16 14:25:47"}
{"level":"error","message":"invalid input syntax for type integer: \"NaN\"","timestamp":"2022-03-16 14:25:49"}
{"level":"error","message":"invalid input syntax for type integer: \"NaN\"","timestamp":"2022-03-16 14:25:51"}
{"level":"error","message":"invalid input syntax for type integer: \"NaN\"","timestamp":"2022-03-16 14:25:53"}
{"level":"error","message":"invalid input syntax for type integer: \"NaN\"","timestamp":"2022-03-16 14:25:55"}
{"level":"error","message":"invalid input syntax for type integer: \"NaN\"","timestamp":"2022-03-16 14:25:56"}
{"level":"error","message":"invalid input syntax for type integer: \"NaN\"","timestamp":"2022-03-16 14:25:59"}
{"level":"error","message":"invalid input syntax for type integer: \"NaN\"","timestamp":"2022-03-16 14:26:31"}
{"level":"error","message":"Username/password is incorrect","timestamp":"2022-03-16 14:34:46"}
{"level":"error","message":"relation \"lists\" does not exist","timestamp":"2022-03-16 14:34:57"}
{"level":"error","message":"relation \"lists\" does not exist","timestamp":"2022-03-16 14:35:04"}
{"level":"error","message":"relation \"lists\" does not exist","timestamp":"2022-03-16 14:35:06"}
{"level":"error","message":"relation \"lists\" does not exist","timestamp":"2022-03-16 14:35:22"}
{"level":"error","message":"invalid input syntax for type integer: \"NaN\"","timestamp":"2022-03-16 14:36:28"}
{"level":"error","message":"invalid input syntax for type integer: \"NaN\"","timestamp":"2022-03-16 14:36:35"}
{"level":"error","message":"invalid input syntax for type integer: \"NaN\"","timestamp":"2022-03-16 14:36:56"}
{"level":"error","message":"invalid input syntax for type integer: \"NaN\"","timestamp":"2022-03-16 16:02:09"}
{"level":"error","message":"invalid input syntax for type integer: \"NaN\"","timestamp":"2022-03-16 16:02:15"}
{"level":"error","message":"invalid input syntax for type integer: \"NaN\"","timestamp":"2022-03-16 16:02:19"}
{"level":"error","message":"invalid input syntax for type integer: \"NaN\"","timestamp":"2022-03-16 16:02:20"}
{"level":"error","message":"invalid input syntax for type integer: \"NaN\"","timestamp":"2022-03-16 16:02:21"}
{"level":"error","message":"invalid input syntax for type integer: \"NaN\"","timestamp":"2022-03-16 16:02:23"}
{"level":"error","message":"invalid input syntax for type integer: \"NaN\"","timestamp":"2022-03-16 16:02:25"}
{"level":"error","message":"invalid input syntax for type integer: \"NaN\"","timestamp":"2022-03-16 16:02:26"}
{"level":"error","message":"invalid input syntax for type integer: \"NaN\"","timestamp":"2022-03-16 16:02:27"}
{"level":"error","message":"invalid input syntax for type integer: \"NaN\"","timestamp":"2022-03-16 16:02:33"}
{"level":"error","message":"invalid input syntax for type integer: \"NaN\"","timestamp":"2022-03-16 16:02:39"}
{"level":"error","message":"invalid input syntax for type integer: \"NaN\"","timestamp":"2022-03-16 16:02:42"}
{"level":"error","message":"invalid input syntax for type integer: \"NaN\"","timestamp":"2022-03-16 16:03:35"}
{"level":"error","message":"invalid input syntax for type integer: \"NaN\"","timestamp":"2022-03-16 16:04:17"}
{"level":"error","message":"invalid input syntax for type integer: \"NaN\"","timestamp":"2022-03-16 16:04:30"}
{"level":"error","message":"invalid input syntax for type integer: \"NaN\"","timestamp":"2022-03-16 16:05:47"}
{"level":"error","message":"invalid input syntax for type integer: \"NaN\"","timestamp":"2022-03-16 16:05:50"}
{"level":"error","message":"invalid input syntax for type integer: \"NaN\"","timestamp":"2022-03-16 16:06:34"}
{"level":"error","message":"Item not found","timestamp":"2022-03-16 16:07:57"}
{"level":"error","message":"Item not found","timestamp":"2022-03-16 16:09:08"}
{"level":"error","message":"Item not found","timestamp":"2022-03-16 16:09:12"}
{"level":"error","message":"invalid input syntax for type integer: \"NaN\"","timestamp":"2022-03-16 16:12:06"}
{"level":"error","message":"invalid input syntax for type integer: \"null\"","timestamp":"2022-03-16 16:13:03"}
{"level":"error","message":"invalid input syntax for type integer: \"NaN\"","timestamp":"2022-03-16 16:13:06"}
{"level":"error","message":"invalid input syntax for type integer: \"NaN\"","timestamp":"2022-03-16 16:13:20"}
{"level":"error","message":"No Item to update","timestamp":"2022-03-16 16:14:48"}
{"level":"error","message":"No Item to update","timestamp":"2022-03-16 16:14:57"}
{"level":"error","message":"No Item to update","timestamp":"2022-03-16 16:15:04"}
{"level":"error","message":"invalid input syntax for type integer: \"null\"","timestamp":"2022-03-16 16:17:54"}
{"level":"error","message":"invalid input syntax for type integer: \"NaN\"","timestamp":"2022-03-16 16:21:06"}
{"level":"error","message":"invalid input syntax for type integer: \"null\"","timestamp":"2022-03-16 16:21:39"}
{"level":"error","message":"invalid input syntax for type integer: \"NaN\"","timestamp":"2022-03-16 17:00:18"}
{"level":"error","message":"invalid input syntax for type integer: \"NaN\"","timestamp":"2022-03-18 13:33:04"}
{"level":"error","message":"invalid input syntax for type integer: \"NaN\"","timestamp":"2022-03-18 13:38:31"}
{"level":"error","message":"invalid input syntax for type integer: \"NaN\"","timestamp":"2022-03-18 13:41:29"}
{"level":"error","message":"invalid input syntax for type integer: \"null\"","timestamp":"2022-03-18 14:14:48"}
{"level":"error","message":"invalid input syntax for type integer: \"null\"","timestamp":"2022-03-18 14:14:53"}
{"level":"error","message":"invalid input syntax for type integer: \"null\"","timestamp":"2022-03-18 14:15:00"}
{"level":"error","message":"invalid input syntax for type integer: \"null\"","timestamp":"2022-03-18 14:15:04"}
{"level":"error","message":"invalid input syntax for type integer: \"null\"","timestamp":"2022-03-18 14:15:07"}
{"level":"error","message":"invalid input syntax for type integer: \"null\"","timestamp":"2022-03-18 14:16:09"}
{"level":"error","message":"invalid input syntax for type integer: \"null\"","timestamp":"2022-03-18 14:17:32"}
{"level":"error","message":"invalid input syntax for type integer: \"undefined\"","timestamp":"2022-03-18 14:31:15"}
{"level":"error","message":"invalid input syntax for type integer: \"undefined\"","timestamp":"2022-03-18 14:31:22"}
{"level":"error","message":"invalid input syntax for type integer: \"undefined\"","timestamp":"2022-03-18 14:55:39"}
{"level":"error","message":"invalid input syntax for type integer: \"undefined\"","timestamp":"2022-03-18 14:55:44"}
{"level":"error","message":"invalid input syntax for type integer: \"undefined\"","timestamp":"2022-03-18 14:55:49"}
{"level":"error","message":"invalid input syntax for type integer: \"undefined\"","timestamp":"2022-03-18 14:56:01"}
{"level":"error","message":"invalid input syntax for type integer: \"undefined\"","timestamp":"2022-03-18 14:56:28"}
{"level":"error","message":"invalid input syntax for type integer: \"undefined\"","timestamp":"2022-03-18 14:57:51"}
{"level":"error","message":"invalid input syntax for type integer: \"undefined\"","timestamp":"2022-03-18 14:59:03"}
{"level":"error","message":"invalid input syntax for type integer: \"undefined\"","timestamp":"2022-03-18 14:59:35"}
{"level":"error","message":"invalid input syntax for type integer: \"undefined\"","timestamp":"2022-03-18 15:00:15"}
{"level":"error","message":"invalid input syntax for type integer: \"undefined\"","timestamp":"2022-03-18 15:01:28"}
{"level":"error","message":"invalid input syntax for type integer: \"undefined\"","timestamp":"2022-03-18 15:04:11"}
{"level":"error","message":"invalid input syntax for type integer: \"undefined\"","timestamp":"2022-03-18 15:05:12"}
{"level":"error","message":"invalid input syntax for type integer: \"undefined\"","timestamp":"2022-03-18 15:06:21"}
{"level":"error","message":"invalid input syntax for type integer: \"undefined\"","timestamp":"2022-03-18 15:06:40"}
{"level":"error","message":"invalid input syntax for type integer: \"undefined\"","timestamp":"2022-03-18 15:06:44"}
{"level":"error","message":"invalid input syntax for type integer: \"undefined\"","timestamp":"2022-03-18 15:06:55"}
{"level":"error","message":"invalid input syntax for type integer: \"undefined\"","timestamp":"2022-03-18 15:06:56"}
{"level":"error","message":"invalid input syntax for type integer: \"undefined\"","timestamp":"2022-03-18 15:07:12"}
{"level":"error","message":"invalid input syntax for type integer: \"undefined\"","timestamp":"2022-03-18 15:08:18"}
{"level":"error","message":"invalid input syntax for type integer: \"undefined\"","timestamp":"2022-03-18 15:08:45"}
{"level":"error","message":"invalid input syntax for type integer: \"undefined\"","timestamp":"2022-03-18 15:09:10"}
{"level":"error","message":"invalid input syntax for type integer: \"undefined\"","timestamp":"2022-03-18 15:09:44"}
{"level":"error","message":"invalid input syntax for type integer: \"undefined\"","timestamp":"2022-03-18 15:09:59"}
{"level":"error","message":"invalid input syntax for type integer: \"undefined\"","timestamp":"2022-03-18 15:11:25"}
{"level":"error","message":"invalid input syntax for type integer: \"undefined\"","timestamp":"2022-03-18 15:12:51"}
{"level":"error","message":"invalid input syntax for type integer: \"undefined\"","timestamp":"2022-03-18 15:13:18"}
{"level":"error","message":"invalid input syntax for type integer: \"undefined\"","timestamp":"2022-03-18 15:13:39"}
{"level":"error","message":"invalid input syntax for type integer: \"undefined\"","timestamp":"2022-03-18 15:14:05"}
{"level":"error","message":"invalid input syntax for type integer: \"undefined\"","timestamp":"2022-03-18 15:14:11"}
{"level":"error","message":"invalid input syntax for type integer: \"undefined\"","timestamp":"2022-03-18 15:14:20"}
{"level":"error","message":"invalid input syntax for type integer: \"undefined\"","timestamp":"2022-03-18 15:16:59"}
{"level":"error","message":"invalid input syntax for type integer: \"undefined\"","timestamp":"2022-03-18 15:17:26"}
{"level":"error","message":"invalid input syntax for type integer: \"undefined\"","timestamp":"2022-03-18 15:17:42"}
{"level":"error","message":"invalid input syntax for type integer: \"null\"","timestamp":"2022-03-18 15:19:49"}
{"level":"error","message":"null value in column \"owner_type_id\" of relation \"lists\" violates not-null constraint","timestamp":"2022-03-18 18:07:12"}
{"level":"error","message":"null value in column \"owner_type_id\" of relation \"lists\" violates not-null constraint","timestamp":"2022-03-18 18:08:32"}
{"level":"error","message":"owner_type is not defined","timestamp":"2022-03-19 17:58:30"}
{"level":"error","message":"owner_type is not defined","timestamp":"2022-03-19 17:58:34"}
{"level":"error","message":"owner_type is not defined","timestamp":"2022-03-19 17:58:35"}
{"level":"error","message":"owner_type is not defined","timestamp":"2022-03-19 17:58:35"}
{"level":"error","message":"owner_type is not defined","timestamp":"2022-03-19 17:58:36"}
{"level":"error","message":"owner_type is not defined","timestamp":"2022-03-19 18:04:07"}
{"level":"error","message":"update or delete on table \"groups\" violates foreign key constraint \"group_id\" on table \"invites\"","timestamp":"2022-03-19 18:07:59"}
{"level":"error","message":"invalid input syntax for type integer: \"null\"","timestamp":"2022-03-19 18:13:34"}
{"level":"error","message":"invalid input syntax for type integer: \"NaN\"","timestamp":"2022-03-19 18:20:47"}
{"level":"error","message":"User already invited","timestamp":"2022-03-19 18:29:37"}
{"level":"error","message":"User already invited","timestamp":"2022-03-19 18:30:54"}
{"level":"error","message":"User already invited","timestamp":"2022-03-19 18:31:20"}
{"level":"error","message":"User already invited","timestamp":"2022-03-20 13:07:24"}
{"level":"error","message":"User already invited","timestamp":"2022-03-20 13:07:55"}
{"level":"error","message":"User already invited","timestamp":"2022-03-20 13:10:48"}
{"level":"error","message":"User already invited","timestamp":"2022-03-20 13:13:36"}
{"level":"error","message":"User already invited","timestamp":"2022-03-20 13:15:34"}
{"level":"error","message":"Mail command failed: 553 Envelope FROM 'ayshanareesha@gmail.com' email address not allowed.","timestamp":"2022-03-20 13:36:45"}
{"level":"error","message":"Not authorized","timestamp":"2022-03-20 13:43:59"}
{"level":"error","message":"Mail command failed: 553 Envelope FROM 'ayshanareesha@gmail.com' email address not allowed.","timestamp":"2022-03-20 14:04:43"}
{"level":"error","message":"User already in group","timestamp":"2022-03-20 14:17:34"}
{"level":"error","message":"update or delete on table \"groups\" violates foreign key constraint \"group_id\" on table \"invites\"","timestamp":"2022-03-20 14:18:50"}
{"level":"error","message":"null value in column \"name\" of relation \"groups\" violates not-null constraint","timestamp":"2022-03-20 14:21:06"}
{"level":"error","message":"User already invited","timestamp":"2022-03-20 14:22:43"}
{"level":"error","message":"null value in column \"name\" of relation \"groups\" violates not-null constraint","timestamp":"2022-03-20 21:03:09"}
{"level":"error","message":"null value in column \"name\" of relation \"groups\" violates not-null constraint","timestamp":"2022-03-20 21:19:13"}
{"level":"error","message":"invalid input syntax for type integer: \"null\"","timestamp":"2022-03-20 21:59:31"}
{"level":"error","message":"column reference \"id\" is ambiguous","timestamp":"2022-03-20 22:19:10"}
{"level":"error","message":"column reference \"id\" is ambiguous","timestamp":"2022-03-20 22:19:11"}
{"level":"error","message":"column reference \"id\" is ambiguous","timestamp":"2022-03-20 22:19:16"}
{"level":"error","message":"column reference \"id\" is ambiguous","timestamp":"2022-03-20 22:19:16"}
{"level":"error","message":"column reference \"id\" is ambiguous","timestamp":"2022-03-20 22:19:26"}
{"level":"error","message":"column reference \"id\" is ambiguous","timestamp":"2022-03-20 22:19:26"}
{"level":"error","message":"column reference \"id\" is ambiguous","timestamp":"2022-03-20 22:19:59"}
{"level":"error","message":"column reference \"id\" is ambiguous","timestamp":"2022-03-20 22:19:59"}
{"level":"error","message":"invalid input syntax for type integer: \"NaN\"","timestamp":"2022-03-20 22:29:18"}
